#
# There is insufficient memory for the Java Runtime Environment to continue.
# Native memory allocation (mmap) failed to map 266338304 bytes for G1 virtual space
# Possible reasons:
#   The system is out of physical RAM or swap space
#   The process is running with CompressedOops enabled, and the Java Heap may be blocking the growth of the native heap
# Possible solutions:
#   Reduce memory load on the system
#   Increase physical memory or swap space
#   Check if swap backing store is full
#   Decrease Java heap size (-Xmx/-Xms)
#   Decrease number of Java threads
#   Decrease Java thread stack sizes (-Xss)
#   Set larger code cache with -XX:ReservedCodeCacheSize=
#   JVM is running with Zero Based Compressed Oops mode in which the Java heap is
#     placed in the first 32GB address space. The Java Heap base address is the
#     maximum limit for the native heap growth. Please use -XX:HeapBaseMinAddress
#     to set the Java Heap base and to place the Java Heap above 32GB virtual address.
# This output file may be truncated or incomplete.
#
#  Out of Memory Error (os_windows.cpp:3600), pid=8704, tid=7488
#
# JRE version:  (21.0.1+12) (build )
# Java VM: OpenJDK 64-Bit Server VM (21.0.1+12-29, mixed mode, sharing, tiered, compressed oops, compressed class ptrs, g1 gc, windows-amd64)
# No core dump will be written. Minidumps are not enabled by default on client versions of Windows
#

---------------  S U M M A R Y ------------

Command Line: -javaagent:E:\Programs\JetBrains\IntelliJ IDEA 2022.3.2\lib\idea_rt.jar=4575:E:\Programs\JetBrains\IntelliJ IDEA 2022.3.2\bin -Dfile.encoding=UTF-8 -Dsun.stdout.encoding=UTF-8 -Dsun.stderr.encoding=UTF-8 com.cli.Terminal

Host: Intel(R) Core(TM) i5-10500H CPU @ 2.50GHz, 12 cores, 15G,  Windows 10 , 64 bit Build 19041 (10.0.19041.3031)
Time: Thu Nov  2 19:20:49 2023 Egypt Standard Time elapsed time: 0.032203 seconds (0d 0h 0m 0s)

---------------  T H R E A D  ---------------

Current thread (0x000001a7a4888bd0):  JavaThread "Unknown thread" [_thread_in_vm, id=7488, stack(0x0000001431500000,0x0000001431600000) (1024K)]

Stack: [0x0000001431500000,0x0000001431600000]
Native frames: (J=compiled Java code, j=interpreted, Vv=VM code, C=native code)
V  [jvm.dll+0x6c9029]
V  [jvm.dll+0x854b81]
V  [jvm.dll+0x856e5e]
V  [jvm.dll+0x857543]
V  [jvm.dll+0x280c06]
V  [jvm.dll+0x6c5715]
V  [jvm.dll+0x6ba10a]
V  [jvm.dll+0x3557ea]
V  [jvm.dll+0x35d436]
V  [jvm.dll+0x3ae1be]
V  [jvm.dll+0x3ae468]
V  [jvm.dll+0x3291fc]
V  [jvm.dll+0x329d8b]
V  [jvm.dll+0x81d179]
V  [jvm.dll+0x3bb4f1]
V  [jvm.dll+0x805ae8]
V  [jvm.dll+0x44effe]
V  [jvm.dll+0x450901]
C  [jli.dll+0x52a3]
C  [ucrtbase.dll+0x21bb2]
C  [KERNEL32.DLL+0x17614]
C  [ntdll.dll+0x526f1]


---------------  P R O C E S S  ---------------

Threads class SMR info:
_java_thread_list=0x00007ffff3589b88, length=0, elements={
}

Java Threads: ( => current thread )
Total: 0

Other Threads:
  0x000001a7a48efca0 WorkerThread "GC Thread#0"                     [id=2636, stack(0x0000001431600000,0x0000001431700000) (1024K)]
  0x000001a7a4902ba0 ConcurrentGCThread "G1 Main Marker"            [id=2300, stack(0x0000001431700000,0x0000001431800000) (1024K)]
  0x000001a7a4903e40 WorkerThread "G1 Conc#0"                       [id=13264, stack(0x0000001431800000,0x0000001431900000) (1024K)]

[error occurred during error reporting (printing all threads), id 0xc0000005, EXCEPTION_ACCESS_VIOLATION (0xc0000005) at pc=0x00007ffff2cfc2c7]
VM state: not at safepoint (not fully initialized)

VM Mutex/Monitor currently owned by a thread:  ([mutex/lock_event])
[0x00007ffff35fa6f8] Heap_lock - owner thread: 0x000001a7a4888bd0

Heap address: 0x0000000703800000, size: 4040 MB, Compressed Oops mode: Zero based, Oop shift amount: 3

CDS archive(s) mapped at: [0x0000000000000000-0x0000000000000000-0x0000000000000000), size 0, SharedBaseAddress: 0x0000000800000000, ArchiveRelocationMode: 1.
Narrow klass base: 0x0000000000000000, Narrow klass shift: 0, Narrow klass range: 0x0

GC Precious Log:
 CardTable entry size: 512
 Card Set container configuration: InlinePtr #cards 4 size 8 Array Of Cards #cards 16 size 48 Howl #buckets 8 coarsen threshold 3686 Howl Bitmap #cards 512 size 80 coarsen threshold 460 Card regions per heap region 1 cards per card region 4096

Heap:
 garbage-first heap   total 0K, used 0K [0x0000000703800000, 0x0000000800000000)
  region size 2048K, 0 young (0K), 0 survivors (0K)

[error occurred during error reporting (printing heap information), id 0xc0000005, EXCEPTION_ACCESS_VIOLATION (0xc0000005) at pc=0x00007ffff30e1be9]
GC Heap History (0 events):
No events

Dll operation events (1 events):
Event: 0.021 Loaded shared library C:\Users\dell\.jdks\openjdk-21.0.1\bin\java.dll

Deoptimization events (0 events):
No events

Classes loaded (0 events):
No events

Classes unloaded (0 events):
No events

Classes redefined (0 events):
No events

Internal exceptions (0 events):
No events

ZGC Phase Switch (0 events):
No events

VM Operations (0 events):
No events

Events (0 events):
No events


Dynamic libraries:
0x00007ff7ed990000 - 0x00007ff7ed99e000 	C:\Users\dell\.jdks\openjdk-21.0.1\bin\java.exe
0x00007ff8853f0000 - 0x00007ff8855e8000 	C:\Windows\SYSTEM32\ntdll.dll
0x00007ff84e320000 - 0x00007ff84e339000 	C:\Program Files\Avast Software\Avast\aswhook.dll
0x00007ff884390000 - 0x00007ff88444f000 	C:\Windows\System32\KERNEL32.DLL
0x00007ff882df0000 - 0x00007ff8830e6000 	C:\Windows\System32\KERNELBASE.dll
0x00007ff8832e0000 - 0x00007ff8833e0000 	C:\Windows\System32\ucrtbase.dll
0x00007ff8779f0000 - 0x00007ff877a0b000 	C:\Users\dell\.jdks\openjdk-21.0.1\bin\VCRUNTIME140.dll
0x00007ff877980000 - 0x00007ff877998000 	C:\Users\dell\.jdks\openjdk-21.0.1\bin\jli.dll
0x00007ff884a80000 - 0x00007ff884c1d000 	C:\Windows\System32\USER32.dll
0x00007ff882ad0000 - 0x00007ff882af2000 	C:\Windows\System32\win32u.dll
0x00007ff8842b0000 - 0x00007ff8842dc000 	C:\Windows\System32\GDI32.dll
0x00007ff882c00000 - 0x00007ff882d15000 	C:\Windows\System32\gdi32full.dll
0x00007ff861b50000 - 0x00007ff861dea000 	C:\Windows\WinSxS\amd64_microsoft.windows.common-controls_6595b64144ccf1df_6.0.19041.1110_none_60b5254171f9507e\COMCTL32.dll
0x00007ff882d20000 - 0x00007ff882dbd000 	C:\Windows\System32\msvcp_win.dll
0x00007ff885110000 - 0x00007ff8851ae000 	C:\Windows\System32\msvcrt.dll
0x00007ff884810000 - 0x00007ff884840000 	C:\Windows\System32\IMM32.DLL
0x00007ff8794c0000 - 0x00007ff8794cc000 	C:\Users\dell\.jdks\openjdk-21.0.1\bin\vcruntime140_1.dll
0x00007ff85cb00000 - 0x00007ff85cb8e000 	C:\Users\dell\.jdks\openjdk-21.0.1\bin\msvcp140.dll
0x00007ffff29c0000 - 0x00007ffff36d5000 	C:\Users\dell\.jdks\openjdk-21.0.1\bin\server\jvm.dll
0x00007ff884630000 - 0x00007ff8846df000 	C:\Windows\System32\ADVAPI32.dll
0x00007ff884980000 - 0x00007ff884a1c000 	C:\Windows\System32\sechost.dll
0x00007ff884500000 - 0x00007ff884626000 	C:\Windows\System32\RPCRT4.dll
0x00007ff8846e0000 - 0x00007ff88474b000 	C:\Windows\System32\WS2_32.dll
0x00007ff882040000 - 0x00007ff88208b000 	C:\Windows\SYSTEM32\POWRPROF.dll
0x00007ff86c480000 - 0x00007ff86c4a7000 	C:\Windows\SYSTEM32\WINMM.dll
0x00007ff878a90000 - 0x00007ff878a9a000 	C:\Windows\SYSTEM32\VERSION.dll
0x00007ff881f00000 - 0x00007ff881f12000 	C:\Windows\SYSTEM32\UMPDC.dll
0x00007ff881310000 - 0x00007ff881322000 	C:\Windows\SYSTEM32\kernel.appcore.dll
0x00007ff879360000 - 0x00007ff87936a000 	C:\Users\dell\.jdks\openjdk-21.0.1\bin\jimage.dll
0x00007ff8806f0000 - 0x00007ff8808d4000 	C:\Windows\SYSTEM32\DBGHELP.DLL
0x00007ff86e500000 - 0x00007ff86e534000 	C:\Windows\SYSTEM32\dbgcore.DLL
0x00007ff8830f0000 - 0x00007ff883172000 	C:\Windows\System32\bcryptPrimitives.dll
0x00007ff8767e0000 - 0x00007ff8767ef000 	C:\Users\dell\.jdks\openjdk-21.0.1\bin\instrument.dll
0x00007ff866b90000 - 0x00007ff866baf000 	C:\Users\dell\.jdks\openjdk-21.0.1\bin\java.dll

dbghelp: loaded successfully - version: 4.0.5 - missing functions: none
symbol engine: initialized successfully - sym options: 0x614 - pdb path: .;C:\Users\dell\.jdks\openjdk-21.0.1\bin;C:\Windows\SYSTEM32;C:\Program Files\Avast Software\Avast;C:\Windows\WinSxS\amd64_microsoft.windows.common-controls_6595b64144ccf1df_6.0.19041.1110_none_60b5254171f9507e;C:\Users\dell\.jdks\openjdk-21.0.1\bin\server

VM Arguments:
jvm_args: -javaagent:E:\Programs\JetBrains\IntelliJ IDEA 2022.3.2\lib\idea_rt.jar=4575:E:\Programs\JetBrains\IntelliJ IDEA 2022.3.2\bin -Dfile.encoding=UTF-8 -Dsun.stdout.encoding=UTF-8 -Dsun.stderr.encoding=UTF-8 
java_command: com.cli.Terminal
java_class_path (initial): C:\Users\dell\Documents\Operating Systems\Operating_Systems\out\production\Operating_Systems
Launcher Type: SUN_STANDARD

[Global flags]
     intx CICompilerCount                          = 4                                         {product} {ergonomic}
     uint ConcGCThreads                            = 3                                         {product} {ergonomic}
     uint G1ConcRefinementThreads                  = 10                                        {product} {ergonomic}
   size_t G1HeapRegionSize                         = 2097152                                   {product} {ergonomic}
    uintx GCDrainStackTargetSize                   = 64                                        {product} {ergonomic}
   size_t InitialHeapSize                          = 266338304                                 {product} {ergonomic}
   size_t MarkStackSize                            = 4194304                                   {product} {ergonomic}
   size_t MaxHeapSize                              = 4236247040                                {product} {ergonomic}
   size_t MinHeapDeltaBytes                        = 2097152                                   {product} {ergonomic}
   size_t MinHeapSize                              = 8388608                                   {product} {ergonomic}
    uintx NonNMethodCodeHeapSize                   = 5839372                                {pd product} {ergonomic}
    uintx NonProfiledCodeHeapSize                  = 122909434                              {pd product} {ergonomic}
    uintx ProfiledCodeHeapSize                     = 122909434                              {pd product} {ergonomic}
    uintx ReservedCodeCacheSize                    = 251658240                              {pd product} {ergonomic}
     bool SegmentedCodeCache                       = true                                      {product} {ergonomic}
   size_t SoftMaxHeapSize                          = 4236247040                             {manageable} {ergonomic}
     bool UseCompressedOops                        = true                           {product lp64_product} {ergonomic}
     bool UseG1GC                                  = true                                      {product} {ergonomic}
     bool UseLargePagesIndividualAllocation        = false                                  {pd product} {ergonomic}

Logging:
Log output configuration:
 #0: stdout all=warning uptime,level,tags foldmultilines=false
 #1: stderr all=off uptime,level,tags foldmultilines=false

Environment Variables:
PATH=C:\Program Files\Python310\Scripts\;C:\Program Files\Python310\;C:\Program Files (x86)\Common Files\Intel\Shared Libraries\redist\intel64\compiler;C:\Windows\system32;C:\Windows;C:\Windows\System32\Wbem;C:\Windows\System32\WindowsPowerShell\v1.0\;C:\Windows\System32\OpenSSH\;C:\Program Files (x86)\NVIDIA Corporation\PhysX\Common;C:\Program Files\Common Files\Autodesk Shared\;C:\msys64\mingw64\bin;E;E:\Programs\Git\cmd;C:\Program Files (x86)\Microsoft SQL Server\160\Tools\Binn\;C:\Program Files\Microsoft SQL Server\160\Tools\Binn\;C:\Program Files\Microsoft SQL Server\Client SDK\ODBC\170\Tools\Binn\;C:\Program Files\Microsoft SQL Server\160\DTS\Binn\;C:\Program Files (x86)\Microsoft SQL Server\160\DTS\Binn\;C:\Program Files (x86)\dotnet\;C:\Program Files\MySQL\MySQL Shell 8.0\bin\;C:\Users\dell\AppData\Local\Microsoft\WindowsApps;C:\Users\dell\AppData\Local\Programs\Microsoft VS Code\bin;C:\Users\dell\AppData\Local\GitHubDesktop\bin;C:\Program Files\Azure Data Studio\bin;E:\Programs\JetBrains\CLion 2022.3.2\bin;;E:\Programs\JetBrains\IntelliJ IDEA 2022.3.2\bin;
USERNAME=dell
OS=Windows_NT
PROCESSOR_IDENTIFIER=Intel64 Family 6 Model 165 Stepping 2, GenuineIntel
TMP=C:\Users\dell\AppData\Local\Temp
TEMP=C:\Users\dell\AppData\Local\Temp




Periodic native trim disabled

---------------  S Y S T E M  ---------------

OS:
 Windows 10 , 64 bit Build 19041 (10.0.19041.3031)
OS uptime: 0 days 5:59 hours

CPU: total 12 (initial active 12) (6 cores per cpu, 2 threads per core) family 6 model 165 stepping 2 microcode 0xf8, cx8, cmov, fxsr, ht, mmx, 3dnowpref, sse, sse2, sse3, ssse3, sse4.1, sse4.2, popcnt, lzcnt, tsc, tscinvbit, avx, avx2, aes, erms, clmul, bmi1, bmi2, adx, fma, vzeroupper, clflush, clflushopt, rdtscp, f16c, pku
Processor Information for all 12 processors :
  Max Mhz: 2496, Current Mhz: 2496, Mhz Limit: 2496

Memory: 4k page, system-wide physical 16159M (5260M free)
TotalPageFile size 18207M (AvailPageFile size 44M)
current process WorkingSet (physical memory assigned to process): 10M, peak: 10M
current process commit charge ("private bytes"): 64M, peak: 318M

vm_info: OpenJDK 64-Bit Server VM (21.0.1+12-29) for windows-amd64 JRE (21.0.1+12-29), built on 2023-10-05T13:27:09Z by "mach5one" with MS VC++ 17.1 (VS2022)

END.
